Building DAG of jobs...
Using shell: /usr/bin/bash
Provided cores: 4
Rules claiming more threads will be scaled down.
Job stats:
job                                        count
---------------------------------------  -------
all                                            1
collect_eval_logs                              1
collect_eval_trees                             1
collect_parsimony_logs                         1
collect_parsimony_trees                        1
collect_plausible_trees                        1
collect_search_logs                            1
collect_search_trees                           1
compute_msa_features                           1
database_to_training_dataframe                 1
iqtree_filter_unique_tree_topologies           1
iqtree_pars_tree                               2
iqtree_rand_tree                               4
iqtree_rf_distance_search_trees                1
iqtree_rfdistance_eval_trees                   1
iqtree_rfdistance_parsimony_trees              1
iqtree_rfdistance_plausible_trees              1
iqtree_significance_tests_on_eval_trees        1
move_db                                        1
parsimony_tree                                 5
reevaluate_iqtree_pars_tree                    4
reevaluate_iqtree_rand_tree                    5
save_best_eval_tree                            1
save_data                                      1
total                                         39

Select jobs to execute...

[Wed Jul  2 03:17:46 2025]
rule parsimony_tree:
    output: results/example.phy/output_files/parsimony/seed_5.iqtree.startTree, results/example.phy/output_files/parsimony/seed_5.iqtree.log
    log: results/example.phy/output_files/parsimony/seed_5.snakelog
    jobid: 41
    reason: Missing output files: results/example.phy/output_files/parsimony/seed_5.iqtree.startTree, results/example.phy/output_files/parsimony/seed_5.iqtree.log
    wildcards: msa=example.phy, seed=5
    resources: tmpdir=/tmp

[Wed Jul  2 03:17:46 2025]
rule iqtree_rand_tree:
    output: results/example.phy/output_files/iqtree/inference/rand_7.treefile, results/example.phy/output_files/iqtree/inference/rand_7.log, results/example.phy/output_files/iqtree/inference/rand_7.ckp.gz, results/example.phy/output_files/iqtree/inference/rand_7.iqtree
    log: results/example.phy/output_files/iqtree/inference/rand_7.snakelog
    jobid: 11
    reason: Missing output files: results/example.phy/output_files/iqtree/inference/rand_7.log, results/example.phy/output_files/iqtree/inference/rand_7.iqtree, results/example.phy/output_files/iqtree/inference/rand_7.treefile
    wildcards: msa=example.phy, seed=7
    resources: tmpdir=/tmp


[Wed Jul  2 03:17:46 2025]
rule parsimony_tree:
    output: results/example.phy/output_files/parsimony/seed_4.iqtree.startTree, results/example.phy/output_files/parsimony/seed_4.iqtree.log
    log: results/example.phy/output_files/parsimony/seed_4.snakelog
    jobid: 40
    reason: Missing output files: results/example.phy/output_files/parsimony/seed_4.iqtree.startTree, results/example.phy/output_files/parsimony/seed_4.iqtree.log
    wildcards: msa=example.phy, seed=4
    resources: tmpdir=/tmp

[Wed Jul  2 03:17:46 2025]
rule parsimony_tree:
    output: results/example.phy/output_files/parsimony/seed_2.iqtree.startTree, results/example.phy/output_files/parsimony/seed_2.iqtree.log
    log: results/example.phy/output_files/parsimony/seed_2.snakelog
    jobid: 38
    reason: Missing output files: results/example.phy/output_files/parsimony/seed_2.iqtree.startTree, results/example.phy/output_files/parsimony/seed_2.iqtree.log
    wildcards: msa=example.phy, seed=2
    resources: tmpdir=/tmp

Building DAG of jobs...
Using shell: /usr/bin/bash
Provided cores: 4
Rules claiming more threads will be scaled down.
Select jobs to execute...
Building DAG of jobs...
Building DAG of jobs...
Using shell: /usr/bin/bash
Provided cores: 4
Rules claiming more threads will be scaled down.
Select jobs to execute...
Using shell: /usr/bin/bash
Provided cores: 4
Rules claiming more threads will be scaled down.
Select jobs to execute...
[Wed Jul  2 03:17:49 2025]
Error in rule parsimony_tree:
    jobid: 0
    output: results/example.phy/output_files/parsimony/seed_5.iqtree.startTree, results/example.phy/output_files/parsimony/seed_5.iqtree.log
    log: results/example.phy/output_files/parsimony/seed_5.snakelog (check log file(s) for error details)

RuleException:
CalledProcessError in file /home/ngocminh/Data_predict/rules/parsimony.smk, line 22:
Command 'set -euo pipefail;  /usr/bin/iqtree2 -s /home/ngocminh/Data_predict/data/example.phy -nt 1 -m GTR+G4+FO -seed 5 -pre results/example.phy/output_files/parsimony/seed_5 > results/example.phy/output_files/parsimony/seed_5.snakelog 2>&1' returned non-zero exit status 2.
  File "/home/ngocminh/Data_predict/rules/parsimony.smk", line 22, in __rule_parsimony_tree
  File "/usr/lib/python3.12/concurrent/futures/thread.py", line 58, in run
Shutting down, this might take some time.
Exiting because a job execution failed. Look above for error message
Waiting at most 60 seconds for missing files.
Waiting at most 60 seconds for missing files.
MissingOutputException in rule parsimony_tree in file /home/ngocminh/Data_predict/rules/parsimony.smk, line 1:
Job 0 completed successfully, but some output files are missing. Missing files after 60 seconds. This might be due to filesystem latency. If that is the case, consider to increase the wait time with --latency-wait:
results/example.phy/output_files/parsimony/seed_4.iqtree.startTree
results/example.phy/output_files/parsimony/seed_4.iqtree.log
Shutting down, this might take some time.
Exiting because a job execution failed. Look above for error message
MissingOutputException in rule parsimony_tree in file /home/ngocminh/Data_predict/rules/parsimony.smk, line 1:
Job 0 completed successfully, but some output files are missing. Missing files after 60 seconds. This might be due to filesystem latency. If that is the case, consider to increase the wait time with --latency-wait:
results/example.phy/output_files/parsimony/seed_2.iqtree.startTree
results/example.phy/output_files/parsimony/seed_2.iqtree.log
Shutting down, this might take some time.
Exiting because a job execution failed. Look above for error message
[Wed Jul  2 06:35:32 2025]
Finished job 11.
1 of 39 steps (3%) done
Shutting down, this might take some time.
Exiting because a job execution failed. Look above for error message
Complete log: .snakemake/log/2025-07-02T031744.875495.snakemake.log
